[2026-05-30 00:40:00] [INFO ] [rotation] [Rotation] 开始全量域名检测 00:40:00
[2026-05-30 00:40:00] [INFO ] [rotation] [Rotation] 开始全量域名检测 00:40:00
[2026-05-30 00:40:03] [INFO ] [rotation] [Rotation] 检测完成: 9/9 健康
[2026-05-30 00:40:03] [INFO ] [rotation] [Rotation] 检测完成: 9/9 健康
[2026-05-30 00:45:00] [INFO ] [rotation] [Rotation] 开始全量域名检测 00:45:00
[2026-05-30 00:45:00] [INFO ] [rotation] [Rotation] 开始全量域名检测 00:45:00
[2026-05-30 00:45:02] [INFO ] [rotation] [Rotation] 检测完成: 9/9 健康
[2026-05-30 00:45:02] [INFO ] [rotation] [Rotation] 检测完成: 9/9 健康
[2026-05-30 00:50:00] [INFO ] [rotation] [Rotation] 开始全量域名检测 00:50:00
[2026-05-30 00:50:00] [INFO ] [rotation] [Rotation] 开始全量域名检测 00:50:00
[2026-05-30 00:50:01] [INFO ] [rotation] [Rotation] 检测完成: 9/9 健康
[2026-05-30 00:50:01] [INFO ] [rotation] [Rotation] 检测完成: 9/9 健康
[2026-05-30 00:55:00] [INFO ] [rotation] [Rotation] 开始全量域名检测 00:55:00
[2026-05-30 00:55:00] [INFO ] [rotation] [Rotation] 开始全量域名检测 00:55:00
[2026-05-30 00:55:03] [INFO ] [rotation] [Rotation] 检测完成: 9/9 健康
[2026-05-30 00:55:03] [INFO ] [rotation] [Rotation] 检测完成: 9/9 健康
[2026-05-30 01:00:00] [INFO ] [rotation] [Rotation] 开始全量域名检测 01:00:00
[2026-05-30 01:00:00] [INFO ] [rotation] [Rotation] 开始全量域名检测 01:00:00
[2026-05-30 01:00:02] [INFO ] [rotation] [Rotation] 检测完成: 9/9 健康
[2026-05-30 01:00:02] [INFO ] [rotation] [Rotation] 检测完成: 9/9 健康
[2026-05-30 01:05:00] [INFO ] [rotation] [Rotation] 开始全量域名检测 01:05:00
[2026-05-30 01:05:00] [INFO ] [rotation] [Rotation] 开始全量域名检测 01:05:00
[2026-05-30 01:05:02] [INFO ] [rotation] [Rotation] 检测完成: 9/9 健康
[2026-05-30 01:05:02] [INFO ] [rotation] [Rotation] 检测完成: 9/9 健康
[2026-05-30 01:10:00] [INFO ] [rotation] [Rotation] 开始全量域名检测 01:10:00
[2026-05-30 01:10:00] [INFO ] [rotation] [Rotation] 开始全量域名检测 01:10:00
[2026-05-30 01:10:02] [INFO ] [rotation] [Rotation] 检测完成: 9/9 健康
[2026-05-30 01:10:02] [INFO ] [rotation] [Rotation] 检测完成: 9/9 健康
[2026-05-30 01:15:00] [INFO ] [rotation] [Rotation] 开始全量域名检测 01:15:00
[2026-05-30 01:15:00] [INFO ] [rotation] [Rotation] 开始全量域名检测 01:15:00
[2026-05-30 01:15:02] [INFO ] [rotation] [Rotation] 检测完成: 9/9 健康
[2026-05-30 01:15:02] [INFO ] [rotation] [Rotation] 检测完成: 9/9 健康
[2026-05-30 01:20:00] [INFO ] [rotation] [Rotation] 开始全量域名检测 01:20:00
[2026-05-30 01:20:00] [INFO ] [rotation] [Rotation] 开始全量域名检测 01:20:00
[2026-05-30 01:20:03] [INFO ] [rotation] [Rotation] 检测完成: 9/9 健康
[2026-05-30 01:20:03] [INFO ] [rotation] [Rotation] 检测完成: 9/9 健康
[2026-05-30 01:25:00] [INFO ] [rotation] [Rotation] 开始全量域名检测 01:25:00
[2026-05-30 01:25:00] [INFO ] [rotation] [Rotation] 开始全量域名检测 01:25:00
[2026-05-30 01:25:01] [INFO ] [rotation] [Rotation] 检测完成: 9/9 健康
[2026-05-30 01:25:01] [INFO ] [rotation] [Rotation] 检测完成: 9/9 健康
[2026-05-30 01:30:00] [INFO ] [rotation] [Rotation] 开始全量域名检测 01:30:00
[2026-05-30 01:30:00] [INFO ] [rotation] [Rotation] 开始全量域名检测 01:30:00
[2026-05-30 01:30:03] [INFO ] [rotation] [Rotation] 检测完成: 9/9 健康
[2026-05-30 01:30:03] [INFO ] [rotation] [Rotation] 检测完成: 9/9 健康
[2026-05-30 01:35:00] [INFO ] [rotation] [Rotation] 开始全量域名检测 01:35:00
[2026-05-30 01:35:00] [INFO ] [rotation] [Rotation] 开始全量域名检测 01:35:00
[2026-05-30 01:35:01] [INFO ] [rotation] [Rotation] 检测完成: 9/9 健康
[2026-05-30 01:35:01] [INFO ] [rotation] [Rotation] 检测完成: 9/9 健康
[2026-05-30 01:40:00] [INFO ] [rotation] [Rotation] 开始全量域名检测 01:40:00
[2026-05-30 01:40:00] [INFO ] [rotation] [Rotation] 开始全量域名检测 01:40:00
[2026-05-30 01:40:02] [INFO ] [rotation] [Rotation] 检测完成: 9/9 健康
[2026-05-30 01:40:02] [INFO ] [rotation] [Rotation] 检测完成: 9/9 健康
[2026-05-30 01:45:00] [INFO ] [rotation] [Rotation] 开始全量域名检测 01:45:00
[2026-05-30 01:45:00] [INFO ] [rotation] [Rotation] 开始全量域名检测 01:45:00
[2026-05-30 01:45:03] [INFO ] [rotation] [Rotation] 检测完成: 9/9 健康
[2026-05-30 01:45:03] [INFO ] [rotation] [Rotation] 检测完成: 9/9 健康
[2026-05-30 01:50:00] [INFO ] [rotation] [Rotation] 开始全量域名检测 01:50:00
[2026-05-30 01:50:00] [INFO ] [rotation] [Rotation] 开始全量域名检测 01:50:00
[2026-05-30 01:50:02] [INFO ] [rotation] [Rotation] 检测完成: 9/9 健康
[2026-05-30 01:50:02] [INFO ] [rotation] [Rotation] 检测完成: 9/9 健康
[2026-05-30 01:55:00] [INFO ] [rotation] [Rotation] 开始全量域名检测 01:55:00
[2026-05-30 01:55:00] [INFO ] [rotation] [Rotation] 开始全量域名检测 01:55:00
[2026-05-30 01:55:02] [INFO ] [rotation] [Rotation] 检测完成: 9/9 健康
[2026-05-30 01:55:02] [INFO ] [rotation] [Rotation] 检测完成: 9/9 健康
[2026-05-30 02:00:00] [INFO ] [rotation] [Rotation] 开始全量域名检测 02:00:00
[2026-05-30 02:00:00] [INFO ] [rotation] [Rotation] 开始全量域名检测 02:00:00
[2026-05-30 02:00:02] [INFO ] [rotation] [Rotation] 检测完成: 9/9 健康
[2026-05-30 02:00:02] [INFO ] [rotation] [Rotation] 检测完成: 9/9 健康
[2026-05-30 02:05:00] [INFO ] [rotation] [Rotation] 开始全量域名检测 02:05:00
[2026-05-30 02:05:00] [INFO ] [rotation] [Rotation] 开始全量域名检测 02:05:00
[2026-05-30 02:15:00] [INFO ] [rotation] [Rotation] 开始全量域名检测 02:15:00
[2026-05-30 02:15:00] [INFO ] [rotation] [Rotation] 开始全量域名检测 02:15:00
[2026-05-30 02:15:10] [INFO ] [rotation] [Rotation] chxhx.eu.cc: ok → error
[2026-05-30 02:15:10] [INFO ] [rotation] [Rotation] chxhx.eu.cc: ok → error
[2026-05-30 02:15:20] [INFO ] [rotation] [Rotation] drrgr.eu.cc: ok → error
[2026-05-30 02:15:20] [INFO ] [rotation] [Rotation] drrgr.eu.cc: ok → error
[2026-05-30 02:15:31] [INFO ] [rotation] [Rotation] drrimrf.eu.cc: ok → error
[2026-05-30 02:15:31] [INFO ] [rotation] [Rotation] drrimrf.eu.cc: ok → error
[2026-05-30 02:15:41] [INFO ] [rotation] [Rotation] drriiu.eu.cc: ok → error
[2026-05-30 02:15:41] [INFO ] [rotation] [Rotation] drriiu.eu.cc: ok → error
[2026-05-30 02:15:51] [INFO ] [rotation] [Rotation] duomi.eu.cc: ok → error
[2026-05-30 02:15:51] [INFO ] [rotation] [Rotation] duomi.eu.cc: ok → error
[2026-05-30 02:16:02] [INFO ] [rotation] [Rotation] dengruihan.eu.cc: ok → error
[2026-05-30 02:16:02] [INFO ] [rotation] [Rotation] dengruihan.eu.cc: ok → error
[2026-05-30 02:16:12] [INFO ] [rotation] [Rotation] yyawzx.eu.cc: ok → error
[2026-05-30 02:16:12] [INFO ] [rotation] [Rotation] yyawzx.eu.cc: ok → error
[2026-05-30 02:16:22] [INFO ] [rotation] [Rotation] gamed.eu.cc: ok → error
[2026-05-30 02:16:22] [INFO ] [rotation] [Rotation] gamed.eu.cc: ok → error
[2026-05-30 02:16:22] [INFO ] [rotation] [Rotation] 检测完成: 1/9 健康
[2026-05-30 02:16:22] [INFO ] [rotation] [Rotation] 检测完成: 1/9 健康
[2026-05-30 02:20:00] [INFO ] [rotation] [Rotation] 开始全量域名检测 02:20:00
[2026-05-30 02:20:00] [INFO ] [rotation] [Rotation] 开始全量域名检测 02:20:00
[2026-05-30 02:21:21] [INFO ] [rotation] [Rotation] 检测完成: 1/9 健康
[2026-05-30 02:21:21] [INFO ] [rotation] [Rotation] 检测完成: 1/9 健康
[2026-05-30 02:25:00] [INFO ] [rotation] [Rotation] 开始全量域名检测 02:25:00
[2026-05-30 02:25:00] [INFO ] [rotation] [Rotation] 开始全量域名检测 02:25:00
[2026-05-30 02:30:00] [INFO ] [rotation] [Rotation] 开始全量域名检测 02:30:00
[2026-05-30 02:30:00] [INFO ] [rotation] [Rotation] 开始全量域名检测 02:30:00
[2026-05-30 02:31:22] [INFO ] [rotation] [Rotation] 检测完成: 1/9 健康
[2026-05-30 02:31:22] [INFO ] [rotation] [Rotation] 检测完成: 1/9 健康
[2026-05-30 02:35:00] [INFO ] [rotation] [Rotation] 开始全量域名检测 02:35:00
[2026-05-30 02:35:00] [INFO ] [rotation] [Rotation] 开始全量域名检测 02:35:00
[2026-05-30 02:36:22] [INFO ] [rotation] [Rotation] 检测完成: 1/9 健康
[2026-05-30 02:36:22] [INFO ] [rotation] [Rotation] 检测完成: 1/9 健康
[2026-05-30 02:40:00] [INFO ] [rotation] [Rotation] 开始全量域名检测 02:40:00
[2026-05-30 02:40:00] [INFO ] [rotation] [Rotation] 开始全量域名检测 02:40:00
[2026-05-30 02:41:22] [INFO ] [rotation] [Rotation] 检测完成: 1/9 健康
[2026-05-30 02:41:22] [INFO ] [rotation] [Rotation] 检测完成: 1/9 健康
[2026-05-30 02:45:00] [INFO ] [rotation] [Rotation] 开始全量域名检测 02:45:00
[2026-05-30 02:45:00] [INFO ] [rotation] [Rotation] 开始全量域名检测 02:45:00
[2026-05-30 02:46:22] [INFO ] [rotation] [Rotation] 检测完成: 1/9 健康
[2026-05-30 02:46:22] [INFO ] [rotation] [Rotation] 检测完成: 1/9 健康
[2026-05-30 02:50:00] [INFO ] [rotation] [Rotation] 开始全量域名检测 02:50:00
[2026-05-30 02:50:00] [INFO ] [rotation] [Rotation] 开始全量域名检测 02:50:00
[2026-05-30 02:50:17] [INFO ] [rotation] [Rotation] 检测完成: 1/9 健康
[2026-05-30 02:50:17] [INFO ] [rotation] [Rotation] 检测完成: 1/9 健康
[2026-05-30 02:55:00] [INFO ] [rotation] [Rotation] 开始全量域名检测 02:55:00
[2026-05-30 02:55:00] [INFO ] [rotation] [Rotation] 开始全量域名检测 02:55:00
[2026-05-30 02:55:00] [INFO ] [rotation] [Rotation] chxhx.eu.cc: error → ok
[2026-05-30 02:55:00] [INFO ] [rotation] [Rotation] chxhx.eu.cc: error → ok
[2026-05-30 02:55:00] [INFO ] [rotation] [Rotation] drrgr.eu.cc: error → ok
[2026-05-30 02:55:00] [INFO ] [rotation] [Rotation] drrgr.eu.cc: error → ok
[2026-05-30 02:55:00] [INFO ] [rotation] [Rotation] drrimrf.eu.cc: error → ok
[2026-05-30 02:55:00] [INFO ] [rotation] [Rotation] drrimrf.eu.cc: error → ok
[2026-05-30 02:55:01] [INFO ] [rotation] [Rotation] drriiu.eu.cc: error → ok
[2026-05-30 02:55:01] [INFO ] [rotation] [Rotation] drriiu.eu.cc: error → ok
[2026-05-30 02:55:01] [INFO ] [rotation] [Rotation] duomi.eu.cc: error → ok
[2026-05-30 02:55:01] [INFO ] [rotation] [Rotation] duomi.eu.cc: error → ok
[2026-05-30 02:55:01] [INFO ] [rotation] [Rotation] dengruihan.eu.cc: error → ok
[2026-05-30 02:55:01] [INFO ] [rotation] [Rotation] dengruihan.eu.cc: error → ok
[2026-05-30 02:55:02] [INFO ] [rotation] [Rotation] yyawzx.eu.cc: error → ok
[2026-05-30 02:55:02] [INFO ] [rotation] [Rotation] yyawzx.eu.cc: error → ok
[2026-05-30 02:55:02] [INFO ] [rotation] [Rotation] gamed.eu.cc: error → ok
[2026-05-30 02:55:02] [INFO ] [rotation] [Rotation] gamed.eu.cc: error → ok
[2026-05-30 02:55:02] [INFO ] [rotation] [Rotation] 检测完成: 9/9 健康
[2026-05-30 02:55:02] [INFO ] [rotation] [Rotation] 检测完成: 9/9 健康
[2026-05-30 03:00:00] [INFO ] [rotation] [Rotation] 开始全量域名检测 03:00:00
[2026-05-30 03:00:00] [INFO ] [rotation] [Rotation] 开始全量域名检测 03:00:00
[2026-05-30 03:00:02] [INFO ] [rotation] [Rotation] 检测完成: 9/9 健康
[2026-05-30 03:00:02] [INFO ] [rotation] [Rotation] 检测完成: 9/9 健康
[2026-05-30 03:05:00] [INFO ] [rotation] [Rotation] 开始全量域名检测 03:05:00
[2026-05-30 03:05:00] [INFO ] [rotation] [Rotation] 开始全量域名检测 03:05:00
[2026-05-30 03:05:02] [INFO ] [rotation] [Rotation] 检测完成: 9/9 健康
[2026-05-30 03:05:02] [INFO ] [rotation] [Rotation] 检测完成: 9/9 健康
[2026-05-30 03:10:00] [INFO ] [rotation] [Rotation] 开始全量域名检测 03:10:00
[2026-05-30 03:10:00] [INFO ] [rotation] [Rotation] 开始全量域名检测 03:10:00
[2026-05-30 03:10:01] [INFO ] [rotation] [Rotation] 检测完成: 9/9 健康
[2026-05-30 03:10:01] [INFO ] [rotation] [Rotation] 检测完成: 9/9 健康
[2026-05-30 03:15:00] [INFO ] [rotation] [Rotation] 开始全量域名检测 03:15:00
[2026-05-30 03:15:00] [INFO ] [rotation] [Rotation] 开始全量域名检测 03:15:00
[2026-05-30 03:15:01] [INFO ] [rotation] [Rotation] 检测完成: 9/9 健康
[2026-05-30 03:15:01] [INFO ] [rotation] [Rotation] 检测完成: 9/9 健康
[2026-05-30 03:20:00] [INFO ] [rotation] [Rotation] 开始全量域名检测 03:20:00
[2026-05-30 03:20:00] [INFO ] [rotation] [Rotation] 开始全量域名检测 03:20:00
[2026-05-30 03:20:03] [INFO ] [rotation] [Rotation] 检测完成: 9/9 健康
[2026-05-30 03:20:03] [INFO ] [rotation] [Rotation] 检测完成: 9/9 健康
[2026-05-30 03:25:00] [INFO ] [rotation] [Rotation] 开始全量域名检测 03:25:00
[2026-05-30 03:25:00] [INFO ] [rotation] [Rotation] 开始全量域名检测 03:25:00
[2026-05-30 03:25:02] [INFO ] [rotation] [Rotation] 检测完成: 9/9 健康
[2026-05-30 03:25:02] [INFO ] [rotation] [Rotation] 检测完成: 9/9 健康
[2026-05-30 03:30:00] [INFO ] [rotation] [Rotation] 开始全量域名检测 03:30:00
[2026-05-30 03:30:00] [INFO ] [rotation] [Rotation] 开始全量域名检测 03:30:00
[2026-05-30 03:30:05] [INFO ] [rotation] [Rotation] 检测完成: 9/9 健康
[2026-05-30 03:30:05] [INFO ] [rotation] [Rotation] 检测完成: 9/9 健康
[2026-05-30 03:35:00] [INFO ] [rotation] [Rotation] 开始全量域名检测 03:35:00
[2026-05-30 03:35:00] [INFO ] [rotation] [Rotation] 开始全量域名检测 03:35:00
[2026-05-30 03:35:01] [INFO ] [rotation] [Rotation] 检测完成: 9/9 健康
[2026-05-30 03:35:01] [INFO ] [rotation] [Rotation] 检测完成: 9/9 健康
[2026-05-30 03:40:00] [INFO ] [rotation] [Rotation] 开始全量域名检测 03:40:00
[2026-05-30 03:40:00] [INFO ] [rotation] [Rotation] 开始全量域名检测 03:40:00
[2026-05-30 03:40:03] [INFO ] [rotation] [Rotation] 检测完成: 9/9 健康
[2026-05-30 03:40:03] [INFO ] [rotation] [Rotation] 检测完成: 9/9 健康
[2026-05-30 03:45:00] [INFO ] [rotation] [Rotation] 开始全量域名检测 03:45:00
[2026-05-30 03:45:00] [INFO ] [rotation] [Rotation] 开始全量域名检测 03:45:00
[2026-05-30 03:45:01] [INFO ] [rotation] [Rotation] 检测完成: 9/9 健康
[2026-05-30 03:45:01] [INFO ] [rotation] [Rotation] 检测完成: 9/9 健康
[2026-05-30 03:50:00] [INFO ] [rotation] [Rotation] 开始全量域名检测 03:50:00
[2026-05-30 03:50:00] [INFO ] [rotation] [Rotation] 开始全量域名检测 03:50:00
[2026-05-30 03:50:02] [INFO ] [rotation] [Rotation] 检测完成: 9/9 健康
[2026-05-30 03:50:02] [INFO ] [rotation] [Rotation] 检测完成: 9/9 健康
[2026-05-30 03:55:00] [INFO ] [rotation] [Rotation] 开始全量域名检测 03:55:00
[2026-05-30 03:55:00] [INFO ] [rotation] [Rotation] 开始全量域名检测 03:55:00
[2026-05-30 03:55:02] [INFO ] [rotation] [Rotation] 检测完成: 9/9 健康
[2026-05-30 03:55:02] [INFO ] [rotation] [Rotation] 检测完成: 9/9 健康
[2026-05-30 04:00:00] [INFO ] [rotation] [Rotation] 开始全量域名检测 04:00:00
[2026-05-30 04:00:00] [INFO ] [rotation] [Rotation] 开始全量域名检测 04:00:00
[2026-05-30 04:00:02] [INFO ] [rotation] [Rotation] 检测完成: 9/9 健康
[2026-05-30 04:00:02] [INFO ] [rotation] [Rotation] 检测完成: 9/9 健康
[2026-05-30 04:05:00] [INFO ] [rotation] [Rotation] 开始全量域名检测 04:05:00
[2026-05-30 04:05:00] [INFO ] [rotation] [Rotation] 开始全量域名检测 04:05:00
[2026-05-30 04:05:01] [INFO ] [rotation] [Rotation] 检测完成: 9/9 健康
[2026-05-30 04:05:01] [INFO ] [rotation] [Rotation] 检测完成: 9/9 健康
[2026-05-30 04:10:00] [INFO ] [rotation] [Rotation] 开始全量域名检测 04:10:00
[2026-05-30 04:10:00] [INFO ] [rotation] [Rotation] 开始全量域名检测 04:10:00
[2026-05-30 04:10:02] [INFO ] [rotation] [Rotation] 检测完成: 9/9 健康
[2026-05-30 04:10:02] [INFO ] [rotation] [Rotation] 检测完成: 9/9 健康
[2026-05-30 04:15:00] [INFO ] [rotation] [Rotation] 开始全量域名检测 04:15:00
[2026-05-30 04:15:00] [INFO ] [rotation] [Rotation] 开始全量域名检测 04:15:00
[2026-05-30 04:15:01] [INFO ] [rotation] [Rotation] 检测完成: 9/9 健康
[2026-05-30 04:15:01] [INFO ] [rotation] [Rotation] 检测完成: 9/9 健康
[2026-05-30 08:30:00] [INFO ] [rotation] [Rotation] 开始全量域名检测 08:30:00
[2026-05-30 08:30:00] [INFO ] [rotation] [Rotation] 开始全量域名检测 08:30:00
[2026-05-30 08:30:03] [INFO ] [rotation] [Rotation] 检测完成: 9/9 健康
[2026-05-30 08:30:03] [INFO ] [rotation] [Rotation] 检测完成: 9/9 健康
[2026-05-30 08:35:00] [INFO ] [rotation] [Rotation] 开始全量域名检测 08:35:00
[2026-05-30 08:35:00] [INFO ] [rotation] [Rotation] 开始全量域名检测 08:35:00
[2026-05-30 08:35:01] [INFO ] [rotation] [Rotation] 检测完成: 9/9 健康
[2026-05-30 08:35:01] [INFO ] [rotation] [Rotation] 检测完成: 9/9 健康
[2026-05-30 08:40:00] [INFO ] [rotation] [Rotation] 开始全量域名检测 08:40:00
[2026-05-30 08:40:00] [INFO ] [rotation] [Rotation] 开始全量域名检测 08:40:00
[2026-05-30 08:40:02] [INFO ] [rotation] [Rotation] 检测完成: 9/9 健康
[2026-05-30 08:40:02] [INFO ] [rotation] [Rotation] 检测完成: 9/9 健康
[2026-05-30 08:45:00] [INFO ] [rotation] [Rotation] 开始全量域名检测 08:45:00
[2026-05-30 08:45:00] [INFO ] [rotation] [Rotation] 开始全量域名检测 08:45:00
[2026-05-30 08:45:02] [INFO ] [rotation] [Rotation] 检测完成: 9/9 健康
[2026-05-30 08:45:02] [INFO ] [rotation] [Rotation] 检测完成: 9/9 健康
[2026-05-30 08:50:00] [INFO ] [rotation] [Rotation] 开始全量域名检测 08:50:00
[2026-05-30 08:50:00] [INFO ] [rotation] [Rotation] 开始全量域名检测 08:50:00
[2026-05-30 08:50:01] [INFO ] [rotation] [Rotation] 检测完成: 9/9 健康
[2026-05-30 08:50:01] [INFO ] [rotation] [Rotation] 检测完成: 9/9 健康
[2026-05-30 08:55:00] [INFO ] [rotation] [Rotation] 开始全量域名检测 08:55:00
[2026-05-30 08:55:00] [INFO ] [rotation] [Rotation] 开始全量域名检测 08:55:00
[2026-05-30 08:55:02] [INFO ] [rotation] [Rotation] 检测完成: 9/9 健康
[2026-05-30 08:55:02] [INFO ] [rotation] [Rotation] 检测完成: 9/9 健康
[2026-05-30 09:00:00] [INFO ] [rotation] [Rotation] 开始全量域名检测 09:00:00
[2026-05-30 09:00:00] [INFO ] [rotation] [Rotation] 开始全量域名检测 09:00:00
[2026-05-30 09:00:02] [INFO ] [rotation] [Rotation] 检测完成: 9/9 健康
[2026-05-30 09:00:02] [INFO ] [rotation] [Rotation] 检测完成: 9/9 健康
[2026-05-30 09:05:00] [INFO ] [rotation] [Rotation] 开始全量域名检测 09:05:00
[2026-05-30 09:05:00] [INFO ] [rotation] [Rotation] 开始全量域名检测 09:05:00
[2026-05-30 09:05:02] [INFO ] [rotation] [Rotation] 检测完成: 9/9 健康
[2026-05-30 09:05:02] [INFO ] [rotation] [Rotation] 检测完成: 9/9 健康
[2026-05-30 09:10:00] [INFO ] [rotation] [Rotation] 开始全量域名检测 09:10:00
[2026-05-30 09:10:00] [INFO ] [rotation] [Rotation] 开始全量域名检测 09:10:00
[2026-05-30 09:10:02] [INFO ] [rotation] [Rotation] 检测完成: 9/9 健康
[2026-05-30 09:10:02] [INFO ] [rotation] [Rotation] 检测完成: 9/9 健康
[2026-05-30 09:30:00] [INFO ] [rotation] [Rotation] 开始全量域名检测 09:30:00
[2026-05-30 09:30:00] [INFO ] [rotation] [Rotation] 开始全量域名检测 09:30:00
[2026-05-30 09:30:02] [INFO ] [rotation] [Rotation] 检测完成: 9/9 健康
[2026-05-30 09:30:02] [INFO ] [rotation] [Rotation] 检测完成: 9/9 健康
[2026-05-30 09:35:00] [INFO ] [rotation] [Rotation] 开始全量域名检测 09:35:00
[2026-05-30 09:35:00] [INFO ] [rotation] [Rotation] 开始全量域名检测 09:35:00
[2026-05-30 09:35:01] [INFO ] [rotation] [Rotation] 检测完成: 9/9 健康
[2026-05-30 09:35:01] [INFO ] [rotation] [Rotation] 检测完成: 9/9 健康
[2026-05-30 10:15:00] [INFO ] [rotation] [Rotation] 开始全量域名检测 10:15:00
[2026-05-30 10:15:00] [INFO ] [rotation] [Rotation] 开始全量域名检测 10:15:00
[2026-05-30 10:15:01] [INFO ] [rotation] [Rotation] 检测完成: 9/9 健康
[2026-05-30 10:15:01] [INFO ] [rotation] [Rotation] 检测完成: 9/9 健康
[2026-05-30 10:20:00] [INFO ] [rotation] [Rotation] 开始全量域名检测 10:20:00
[2026-05-30 10:20:00] [INFO ] [rotation] [Rotation] 开始全量域名检测 10:20:00
[2026-05-30 10:20:01] [INFO ] [rotation] [Rotation] 检测完成: 9/9 健康
[2026-05-30 10:20:01] [INFO ] [rotation] [Rotation] 检测完成: 9/9 健康
[2026-05-30 10:25:00] [INFO ] [rotation] [Rotation] 开始全量域名检测 10:25:00
[2026-05-30 10:25:00] [INFO ] [rotation] [Rotation] 开始全量域名检测 10:25:00
[2026-05-30 10:25:02] [INFO ] [rotation] [Rotation] 检测完成: 9/9 健康
[2026-05-30 10:25:02] [INFO ] [rotation] [Rotation] 检测完成: 9/9 健康
[2026-05-30 10:30:00] [INFO ] [rotation] [Rotation] 开始全量域名检测 10:30:00
[2026-05-30 10:30:00] [INFO ] [rotation] [Rotation] 开始全量域名检测 10:30:00
[2026-05-30 10:30:02] [INFO ] [rotation] [Rotation] 检测完成: 9/9 健康
[2026-05-30 10:30:02] [INFO ] [rotation] [Rotation] 检测完成: 9/9 健康
[2026-05-30 10:35:00] [INFO ] [rotation] [Rotation] 开始全量域名检测 10:35:00
[2026-05-30 10:35:00] [INFO ] [rotation] [Rotation] 开始全量域名检测 10:35:00
[2026-05-30 10:35:01] [INFO ] [rotation] [Rotation] 检测完成: 9/9 健康
[2026-05-30 10:35:02] [INFO ] [rotation] [Rotation] 检测完成: 9/9 健康
[2026-05-30 10:40:00] [INFO ] [rotation] [Rotation] 开始全量域名检测 10:40:00
[2026-05-30 10:40:00] [INFO ] [rotation] [Rotation] 开始全量域名检测 10:40:00
[2026-05-30 10:40:02] [INFO ] [rotation] [Rotation] 检测完成: 9/9 健康
[2026-05-30 10:40:02] [INFO ] [rotation] [Rotation] 检测完成: 9/9 健康
[2026-05-30 10:45:00] [INFO ] [rotation] [Rotation] 开始全量域名检测 10:45:00
[2026-05-30 10:45:00] [INFO ] [rotation] [Rotation] 开始全量域名检测 10:45:00
[2026-05-30 10:45:01] [INFO ] [rotation] [Rotation] 检测完成: 9/9 健康
[2026-05-30 10:45:01] [INFO ] [rotation] [Rotation] 检测完成: 9/9 健康
[2026-05-30 10:50:00] [INFO ] [rotation] [Rotation] 开始全量域名检测 10:50:00
[2026-05-30 10:50:00] [INFO ] [rotation] [Rotation] 开始全量域名检测 10:50:00
[2026-05-30 10:50:02] [INFO ] [rotation] [Rotation] 检测完成: 9/9 健康
[2026-05-30 10:50:02] [INFO ] [rotation] [Rotation] 检测完成: 9/9 健康
[2026-05-30 10:55:00] [INFO ] [rotation] [Rotation] 开始全量域名检测 10:55:00
[2026-05-30 10:55:00] [INFO ] [rotation] [Rotation] 开始全量域名检测 10:55:00
[2026-05-30 10:55:01] [INFO ] [rotation] [Rotation] 检测完成: 9/9 健康
[2026-05-30 10:55:01] [INFO ] [rotation] [Rotation] 检测完成: 9/9 健康
[2026-05-30 11:00:00] [INFO ] [rotation] [Rotation] 开始全量域名检测 11:00:00
[2026-05-30 11:00:00] [INFO ] [rotation] [Rotation] 开始全量域名检测 11:00:00
[2026-05-30 11:00:02] [INFO ] [rotation] [Rotation] 检测完成: 9/9 健康
[2026-05-30 11:00:02] [INFO ] [rotation] [Rotation] 检测完成: 9/9 健康
[2026-05-30 11:05:00] [INFO ] [rotation] [Rotation] 开始全量域名检测 11:05:00
[2026-05-30 11:05:00] [INFO ] [rotation] [Rotation] 开始全量域名检测 11:05:00
[2026-05-30 11:05:02] [INFO ] [rotation] [Rotation] 检测完成: 9/9 健康
[2026-05-30 11:05:02] [INFO ] [rotation] [Rotation] 检测完成: 9/9 健康
[2026-05-30 11:10:00] [INFO ] [rotation] [Rotation] 开始全量域名检测 11:10:00
[2026-05-30 11:10:00] [INFO ] [rotation] [Rotation] 开始全量域名检测 11:10:00
[2026-05-30 11:10:02] [INFO ] [rotation] [Rotation] 检测完成: 9/9 健康
[2026-05-30 11:10:02] [INFO ] [rotation] [Rotation] 检测完成: 9/9 健康
