[2026-05-29 23:15:12] [INFO ] [scheduler] 定时任务启动完成: 巡检/备份/轮值/SSL续签/商城扫描/客服/日记/早报/指标
[2026-05-29 23:15:12] [INFO ] [scheduler] 定时任务启动完成: 巡检/备份/轮值/SSL续签/商城扫描/客服/日记/早报/指标
[2026-05-29 23:20:00] [INFO ] [scheduler] 域名轮值检测 23:20:00
[2026-05-29 23:20:00] [INFO ] [scheduler] 域名轮值检测 23:20:00
[2026-05-29 23:20:03] [INFO ] [scheduler] 域名健康: 9 个已检测
[2026-05-29 23:20:03] [INFO ] [scheduler] 域名健康: 9 个已检测
[2026-05-29 23:23:17] [INFO ] [scheduler] 定时任务已停止
[2026-05-29 23:23:18] [INFO ] [scheduler] 定时任务已停止
[2026-05-29 23:23:24] [INFO ] [scheduler] 定时任务启动完成: 巡检/备份/轮值/SSL续签/商城扫描/客服/日记/早报/指标
[2026-05-29 23:23:24] [INFO ] [scheduler] 定时任务启动完成: 巡检/备份/轮值/SSL续签/商城扫描/客服/日记/早报/指标
[2026-05-29 23:30:00] [INFO ] [scheduler] 域名轮值检测 23:30:00
[2026-05-29 23:30:00] [INFO ] [scheduler] 域名轮值检测 23:30:00
[2026-05-29 23:30:04] [INFO ] [scheduler] 域名健康: 9 个已检测
[2026-05-29 23:30:04] [INFO ] [scheduler] 域名健康: 9 个已检测
[2026-05-29 23:34:10] [INFO ] [scheduler] 定时任务已停止
[2026-05-29 23:34:11] [INFO ] [scheduler] 定时任务已停止
[2026-05-29 23:34:17] [INFO ] [scheduler] 定时任务启动完成: 巡检/备份/轮值/SSL续签/商城扫描/客服/日记/早报/指标
[2026-05-29 23:34:18] [INFO ] [scheduler] 定时任务启动完成: 巡检/备份/轮值/SSL续签/商城扫描/客服/日记/早报/指标
[2026-05-29 23:34:26] [INFO ] [scheduler] 定时任务已停止
[2026-05-29 23:34:27] [INFO ] [scheduler] 定时任务已停止
[2026-05-29 23:34:33] [INFO ] [scheduler] 定时任务启动完成: 巡检/备份/轮值/SSL续签/商城扫描/客服/日记/早报/指标
[2026-05-29 23:34:33] [INFO ] [scheduler] 定时任务启动完成: 巡检/备份/轮值/SSL续签/商城扫描/客服/日记/早报/指标
[2026-05-29 23:35:00] [INFO ] [scheduler] 域名轮值检测 23:35:00
[2026-05-29 23:35:00] [INFO ] [scheduler] 域名轮值检测 23:35:00
[2026-05-29 23:35:02] [INFO ] [scheduler] 域名健康: 9 个已检测
[2026-05-29 23:35:02] [INFO ] [scheduler] 域名健康: 9 个已检测
[2026-05-29 23:35:12] [INFO ] [scheduler] 定时任务已停止
[2026-05-29 23:35:13] [INFO ] [scheduler] 定时任务已停止
[2026-05-29 23:35:20] [INFO ] [scheduler] 定时任务启动完成: 巡检/备份/轮值/SSL续签/商城扫描/客服/日记/早报/指标
[2026-05-29 23:35:21] [INFO ] [scheduler] 定时任务启动完成: 巡检/备份/轮值/SSL续签/商城扫描/客服/日记/早报/指标
[2026-05-29 23:37:26] [INFO ] [scheduler] 定时任务已停止
[2026-05-29 23:37:27] [INFO ] [scheduler] 定时任务已停止
[2026-05-29 23:37:32] [INFO ] [scheduler] 定时任务启动完成: 巡检/备份/轮值/SSL续签/商城扫描/客服/日记/早报/指标
[2026-05-29 23:37:33] [INFO ] [scheduler] 定时任务启动完成: 巡检/备份/轮值/SSL续签/商城扫描/客服/日记/早报/指标
[2026-05-29 23:42:20] [INFO ] [scheduler] 定时任务启动完成: 巡检/备份/轮值/SSL续签/商城扫描/客服/日记/早报/指标
[2026-05-29 23:42:20] [INFO ] [scheduler] 定时任务启动完成: 巡检/备份/轮值/SSL续签/商城扫描/客服/日记/早报/指标
[2026-05-29 23:45:00] [INFO ] [scheduler] 域名轮值检测 23:45:00
[2026-05-29 23:45:00] [INFO ] [scheduler] 域名轮值检测 23:45:00
[2026-05-29 23:45:03] [INFO ] [scheduler] 域名健康: 9 个已检测
[2026-05-29 23:45:03] [INFO ] [scheduler] 域名健康: 9 个已检测
[2026-05-29 23:50:00] [INFO ] [scheduler] 域名轮值检测 23:50:00
[2026-05-29 23:50:00] [INFO ] [scheduler] 域名轮值检测 23:50:00
[2026-05-29 23:50:02] [INFO ] [scheduler] 域名健康: 9 个已检测
[2026-05-29 23:50:02] [INFO ] [scheduler] 域名健康: 9 个已检测
[2026-05-29 23:52:51] [INFO ] [scheduler] 定时任务已停止
[2026-05-29 23:52:52] [INFO ] [scheduler] 定时任务已停止
[2026-05-29 23:52:57] [INFO ] [scheduler] 定时任务启动完成: 巡检/备份/轮值/SSL续签/商城扫描/客服/日记/早报/指标
[2026-05-29 23:52:57] [INFO ] [scheduler] 定时任务启动完成: 巡检/备份/轮值/SSL续签/商城扫描/客服/日记/早报/指标
[2026-05-29 23:54:32] [INFO ] [scheduler] 定时任务已停止
[2026-05-29 23:54:33] [INFO ] [scheduler] 定时任务已停止
[2026-05-29 23:54:38] [INFO ] [scheduler] 定时任务启动完成: 巡检/备份/轮值/SSL续签/商城扫描/客服/日记/早报/指标
[2026-05-29 23:54:38] [INFO ] [scheduler] 定时任务启动完成: 巡检/备份/轮值/SSL续签/商城扫描/客服/日记/早报/指标
[2026-05-29 23:55:00] [INFO ] [scheduler] 日记生成 23:55:00
[2026-05-29 23:55:00] [INFO ] [scheduler] 日记生成 23:55:00
[2026-05-29 23:55:00] [INFO ] [scheduler] 日记生成失败: cannot import name 'vector_memory' from 'tools.vector_memory' (/app/tools/vector_memory.py)
[2026-05-29 23:55:00] [INFO ] [scheduler] 域名轮值检测 23:55:00
[2026-05-29 23:55:00] [INFO ] [scheduler] 日记生成失败: cannot import name 'vector_memory' from 'tools.vector_memory' (/app/tools/vector_memory.py)
[2026-05-29 23:55:00] [INFO ] [scheduler] 域名轮值检测 23:55:00
[2026-05-29 23:55:03] [INFO ] [scheduler] 域名健康: 9 个已检测
[2026-05-29 23:55:03] [INFO ] [scheduler] 域名健康: 9 个已检测
[2026-05-30 00:00:00] [INFO ] [scheduler] 域名轮值检测 00:00:00
[2026-05-30 00:00:00] [INFO ] [scheduler] 域名轮值检测 00:00:00
[2026-05-30 00:00:01] [INFO ] [scheduler] 域名健康: 9 个已检测
[2026-05-30 00:00:01] [INFO ] [scheduler] 域名健康: 9 个已检测
[2026-05-30 00:05:00] [INFO ] [scheduler] 域名轮值检测 00:05:00
[2026-05-30 00:05:00] [INFO ] [scheduler] 域名轮值检测 00:05:00
[2026-05-30 00:05:02] [INFO ] [scheduler] 域名健康: 9 个已检测
[2026-05-30 00:05:02] [INFO ] [scheduler] 域名健康: 9 个已检测
[2026-05-30 00:10:00] [INFO ] [scheduler] 域名轮值检测 00:10:00
[2026-05-30 00:10:00] [INFO ] [scheduler] 域名轮值检测 00:10:00
[2026-05-30 00:10:03] [INFO ] [scheduler] 域名健康: 9 个已检测
[2026-05-30 00:10:03] [INFO ] [scheduler] 域名健康: 9 个已检测
[2026-05-30 00:15:00] [INFO ] [scheduler] 域名轮值检测 00:15:00
[2026-05-30 00:15:00] [INFO ] [scheduler] 域名轮值检测 00:15:00
[2026-05-30 00:15:02] [INFO ] [scheduler] 域名健康: 9 个已检测
[2026-05-30 00:15:02] [INFO ] [scheduler] 域名健康: 9 个已检测
[2026-05-30 00:20:00] [INFO ] [scheduler] 域名轮值检测 00:20:00
[2026-05-30 00:20:00] [INFO ] [scheduler] 域名轮值检测 00:20:00
[2026-05-30 00:20:01] [INFO ] [scheduler] 域名健康: 9 个已检测
[2026-05-30 00:20:01] [INFO ] [scheduler] 域名健康: 9 个已检测
[2026-05-30 00:24:38] [INFO ] [scheduler] 服务器巡检 00:24:38
[2026-05-30 00:24:38] [INFO ] [scheduler] 服务器巡检 00:24:38
[2026-05-30 00:25:00] [INFO ] [scheduler] 域名轮值检测 00:25:00
[2026-05-30 00:25:00] [INFO ] [scheduler] 域名轮值检测 00:25:00
[2026-05-30 00:25:03] [INFO ] [scheduler] 域名健康: 9 个已检测
[2026-05-30 00:25:03] [INFO ] [scheduler] 域名健康: 9 个已检测
[2026-05-30 00:30:00] [INFO ] [scheduler] 域名轮值检测 00:30:00
[2026-05-30 00:30:00] [INFO ] [scheduler] 域名轮值检测 00:30:00
[2026-05-30 00:30:02] [INFO ] [scheduler] 域名健康: 9 个已检测
[2026-05-30 00:30:02] [INFO ] [scheduler] 域名健康: 9 个已检测
[2026-05-30 00:35:00] [INFO ] [scheduler] 域名轮值检测 00:35:00
[2026-05-30 00:35:00] [INFO ] [scheduler] 域名轮值检测 00:35:00
[2026-05-30 00:35:01] [INFO ] [scheduler] 域名健康: 9 个已检测
[2026-05-30 00:35:01] [INFO ] [scheduler] 域名健康: 9 个已检测
[2026-05-30 00:36:32] [INFO ] [scheduler] 定时任务已停止
[2026-05-30 00:36:32] [INFO ] [scheduler] 定时任务已停止
[2026-05-30 00:36:38] [INFO ] [scheduler] 定时任务启动完成: 巡检/备份/轮值/SSL续签/商城扫描/客服/日记/早报/指标
[2026-05-30 00:36:38] [INFO ] [scheduler] 定时任务启动完成: 巡检/备份/轮值/SSL续签/商城扫描/客服/日记/早报/指标
[2026-05-30 00:37:06] [INFO ] [scheduler] 定时任务已停止
[2026-05-30 00:37:07] [INFO ] [scheduler] 定时任务已停止
[2026-05-30 00:37:12] [INFO ] [scheduler] 定时任务启动完成: 巡检/备份/轮值/SSL续签/商城扫描/客服/日记/早报/指标
[2026-05-30 00:37:12] [INFO ] [scheduler] 定时任务启动完成: 巡检/备份/轮值/SSL续签/商城扫描/客服/日记/早报/指标
[2026-05-30 00:40:00] [INFO ] [scheduler] 域名轮值检测 00:40:00
[2026-05-30 00:40:00] [INFO ] [scheduler] 域名轮值检测 00:40:00
[2026-05-30 00:40:03] [INFO ] [scheduler] 域名健康: 9 个已检测
[2026-05-30 00:40:03] [INFO ] [scheduler] 域名健康: 9 个已检测
[2026-05-30 00:43:43] [INFO ] [scheduler] 定时任务已停止
[2026-05-30 00:43:43] [INFO ] [scheduler] 定时任务已停止
[2026-05-30 00:43:49] [INFO ] [scheduler] 定时任务启动完成: 巡检/备份/轮值/SSL续签/商城扫描/客服/日记/早报/指标
[2026-05-30 00:43:49] [INFO ] [scheduler] 定时任务启动完成: 巡检/备份/轮值/SSL续签/商城扫描/客服/日记/早报/指标
[2026-05-30 00:45:00] [INFO ] [scheduler] 域名轮值检测 00:45:00
[2026-05-30 00:45:00] [INFO ] [scheduler] 域名轮值检测 00:45:00
[2026-05-30 00:45:02] [INFO ] [scheduler] 域名健康: 9 个已检测
[2026-05-30 00:45:02] [INFO ] [scheduler] 域名健康: 9 个已检测
[2026-05-30 00:50:00] [INFO ] [scheduler] 域名轮值检测 00:50:00
[2026-05-30 00:50:00] [INFO ] [scheduler] 域名轮值检测 00:50:00
[2026-05-30 00:50:01] [INFO ] [scheduler] 域名健康: 9 个已检测
[2026-05-30 00:50:01] [INFO ] [scheduler] 域名健康: 9 个已检测
[2026-05-30 00:55:00] [INFO ] [scheduler] 域名轮值检测 00:55:00
[2026-05-30 00:55:00] [INFO ] [scheduler] 域名轮值检测 00:55:00
[2026-05-30 00:55:03] [INFO ] [scheduler] 域名健康: 9 个已检测
[2026-05-30 00:55:03] [INFO ] [scheduler] 域名健康: 9 个已检测
[2026-05-30 01:00:00] [INFO ] [scheduler] 域名轮值检测 01:00:00
[2026-05-30 01:00:00] [INFO ] [scheduler] 域名轮值检测 01:00:00
[2026-05-30 01:00:02] [INFO ] [scheduler] 域名健康: 9 个已检测
[2026-05-30 01:00:02] [INFO ] [scheduler] 域名健康: 9 个已检测
[2026-05-30 01:04:51] [INFO ] [scheduler] 定时任务已停止
[2026-05-30 01:04:52] [INFO ] [scheduler] 定时任务已停止
[2026-05-30 01:04:57] [INFO ] [scheduler] 定时任务启动完成: 巡检/备份/轮值/SSL续签/商城扫描/客服/日记/早报/指标
[2026-05-30 01:04:57] [INFO ] [scheduler] 定时任务启动完成: 巡检/备份/轮值/SSL续签/商城扫描/客服/日记/早报/指标
[2026-05-30 01:05:00] [INFO ] [scheduler] 域名轮值检测 01:05:00
[2026-05-30 01:05:00] [INFO ] [scheduler] 域名轮值检测 01:05:00
[2026-05-30 01:05:02] [INFO ] [scheduler] 域名健康: 9 个已检测
[2026-05-30 01:05:02] [INFO ] [scheduler] 域名健康: 9 个已检测
[2026-05-30 01:10:00] [INFO ] [scheduler] 域名轮值检测 01:10:00
[2026-05-30 01:10:00] [INFO ] [scheduler] 域名轮值检测 01:10:00
[2026-05-30 01:10:02] [INFO ] [scheduler] 域名健康: 9 个已检测
[2026-05-30 01:10:02] [INFO ] [scheduler] 域名健康: 9 个已检测
[2026-05-30 01:15:00] [INFO ] [scheduler] 域名轮值检测 01:15:00
[2026-05-30 01:15:00] [INFO ] [scheduler] 域名轮值检测 01:15:00
[2026-05-30 01:15:02] [INFO ] [scheduler] 域名健康: 9 个已检测
[2026-05-30 01:15:02] [INFO ] [scheduler] 域名健康: 9 个已检测
[2026-05-30 01:20:00] [INFO ] [scheduler] 域名轮值检测 01:20:00
[2026-05-30 01:20:00] [INFO ] [scheduler] 域名轮值检测 01:20:00
[2026-05-30 01:20:03] [INFO ] [scheduler] 域名健康: 9 个已检测
[2026-05-30 01:20:03] [INFO ] [scheduler] 域名健康: 9 个已检测
[2026-05-30 01:25:00] [INFO ] [scheduler] 域名轮值检测 01:25:00
[2026-05-30 01:25:00] [INFO ] [scheduler] 域名轮值检测 01:25:00
[2026-05-30 01:25:01] [INFO ] [scheduler] 域名健康: 9 个已检测
[2026-05-30 01:25:01] [INFO ] [scheduler] 域名健康: 9 个已检测
[2026-05-30 01:30:00] [INFO ] [scheduler] 域名轮值检测 01:30:00
[2026-05-30 01:30:00] [INFO ] [scheduler] 域名轮值检测 01:30:00
[2026-05-30 01:30:03] [INFO ] [scheduler] 域名健康: 9 个已检测
[2026-05-30 01:30:03] [INFO ] [scheduler] 域名健康: 9 个已检测
[2026-05-30 01:34:57] [INFO ] [scheduler] 服务器巡检 01:34:57
[2026-05-30 01:34:57] [INFO ] [scheduler] 服务器巡检 01:34:57
[2026-05-30 01:35:00] [INFO ] [scheduler] 域名轮值检测 01:35:00
[2026-05-30 01:35:00] [INFO ] [scheduler] 域名轮值检测 01:35:00
[2026-05-30 01:35:01] [INFO ] [scheduler] 域名健康: 9 个已检测
[2026-05-30 01:35:01] [INFO ] [scheduler] 域名健康: 9 个已检测
[2026-05-30 01:40:00] [INFO ] [scheduler] 域名轮值检测 01:40:00
[2026-05-30 01:40:00] [INFO ] [scheduler] 域名轮值检测 01:40:00
[2026-05-30 01:40:02] [INFO ] [scheduler] 域名健康: 9 个已检测
[2026-05-30 01:40:02] [INFO ] [scheduler] 域名健康: 9 个已检测
[2026-05-30 01:45:00] [INFO ] [scheduler] 域名轮值检测 01:45:00
[2026-05-30 01:45:00] [INFO ] [scheduler] 域名轮值检测 01:45:00
[2026-05-30 01:45:03] [INFO ] [scheduler] 域名健康: 9 个已检测
[2026-05-30 01:45:03] [INFO ] [scheduler] 域名健康: 9 个已检测
[2026-05-30 01:50:00] [INFO ] [scheduler] 域名轮值检测 01:50:00
[2026-05-30 01:50:00] [INFO ] [scheduler] 域名轮值检测 01:50:00
[2026-05-30 01:50:02] [INFO ] [scheduler] 域名健康: 9 个已检测
[2026-05-30 01:50:02] [INFO ] [scheduler] 域名健康: 9 个已检测
[2026-05-30 01:55:00] [INFO ] [scheduler] 域名轮值检测 01:55:00
[2026-05-30 01:55:00] [INFO ] [scheduler] 域名轮值检测 01:55:00
[2026-05-30 01:55:02] [INFO ] [scheduler] 域名健康: 9 个已检测
[2026-05-30 01:55:02] [INFO ] [scheduler] 域名健康: 9 个已检测
[2026-05-30 02:00:00] [INFO ] [scheduler] 数据库备份 02:00:00
[2026-05-30 02:00:00] [INFO ] [scheduler] 数据库备份 02:00:00
[2026-05-30 02:00:00] [INFO ] [scheduler] 备份失败: mysqldump: Got error: 2026: "TLS/SSL error: SSL is required, but the server does not support it" when trying to connect

[2026-05-30 02:00:00] [INFO ] [scheduler] 域名轮值检测 02:00:00
[2026-05-30 02:00:00] [INFO ] [scheduler] 备份失败: mysqldump: Got error: 2026: "TLS/SSL error: SSL is required, but the server does not support it" when trying to connect

[2026-05-30 02:00:00] [INFO ] [scheduler] 域名轮值检测 02:00:00
[2026-05-30 02:00:02] [INFO ] [scheduler] 域名健康: 9 个已检测
[2026-05-30 02:00:02] [INFO ] [scheduler] 域名健康: 9 个已检测
[2026-05-30 02:04:57] [INFO ] [scheduler] 服务器巡检 02:04:57
[2026-05-30 02:04:57] [INFO ] [scheduler] 服务器巡检 02:04:57
[2026-05-30 02:05:00] [INFO ] [scheduler] 域名轮值检测 02:05:00
[2026-05-30 02:05:00] [INFO ] [scheduler] 域名轮值检测 02:05:00
[2026-05-30 02:05:01] [INFO ] [scheduler] 定时任务已停止
[2026-05-30 02:08:14] [INFO ] [scheduler] 定时任务启动完成: 巡检/备份/轮值/SSL续签/商城扫描/客服/日记/早报/指标
[2026-05-30 02:08:14] [INFO ] [scheduler] 定时任务启动完成: 巡检/备份/轮值/SSL续签/商城扫描/客服/日记/早报/指标
[2026-05-30 02:09:06] [INFO ] [scheduler] 定时任务已停止
[2026-05-30 02:09:07] [INFO ] [scheduler] 定时任务已停止
[2026-05-30 02:11:08] [INFO ] [scheduler] 定时任务启动完成: 巡检/备份/轮值/SSL续签/商城扫描/客服/日记/早报/指标
[2026-05-30 02:11:08] [INFO ] [scheduler] 定时任务启动完成: 巡检/备份/轮值/SSL续签/商城扫描/客服/日记/早报/指标
[2026-05-30 02:15:00] [INFO ] [scheduler] 域名轮值检测 02:15:00
[2026-05-30 02:15:00] [INFO ] [scheduler] 域名轮值检测 02:15:00
[2026-05-30 02:16:22] [INFO ] [scheduler] 域名健康: 9 个已检测
[2026-05-30 02:16:22] [INFO ] [scheduler] 域名健康: 9 个已检测
[2026-05-30 02:20:00] [INFO ] [scheduler] 域名轮值检测 02:20:00
[2026-05-30 02:20:00] [INFO ] [scheduler] 域名轮值检测 02:20:00
[2026-05-30 02:21:21] [INFO ] [scheduler] 域名健康: 9 个已检测
[2026-05-30 02:21:21] [INFO ] [scheduler] 域名健康: 9 个已检测
[2026-05-30 02:25:00] [INFO ] [scheduler] 域名轮值检测 02:25:00
[2026-05-30 02:25:00] [INFO ] [scheduler] 域名轮值检测 02:25:00
[2026-05-30 02:25:34] [INFO ] [scheduler] 定时任务已停止
[2026-05-30 02:25:35] [INFO ] [scheduler] 定时任务已停止
[2026-05-30 02:29:30] [INFO ] [scheduler] 定时任务启动完成: 巡检/备份/轮值/SSL续签/商城扫描/客服/日记/早报/指标
[2026-05-30 02:29:30] [INFO ] [scheduler] 定时任务启动完成: 巡检/备份/轮值/SSL续签/商城扫描/客服/日记/早报/指标
[2026-05-30 02:30:00] [INFO ] [scheduler] 域名轮值检测 02:30:00
[2026-05-30 02:30:00] [INFO ] [scheduler] 域名轮值检测 02:30:00
[2026-05-30 02:31:22] [INFO ] [scheduler] 域名健康: 9 个已检测
[2026-05-30 02:31:22] [INFO ] [scheduler] 域名健康: 9 个已检测
[2026-05-30 02:35:00] [INFO ] [scheduler] 域名轮值检测 02:35:00
[2026-05-30 02:35:00] [INFO ] [scheduler] 域名轮值检测 02:35:00
[2026-05-30 02:36:22] [INFO ] [scheduler] 域名健康: 9 个已检测
[2026-05-30 02:36:22] [INFO ] [scheduler] 域名健康: 9 个已检测
[2026-05-30 02:40:00] [INFO ] [scheduler] 域名轮值检测 02:40:00
[2026-05-30 02:40:00] [INFO ] [scheduler] 域名轮值检测 02:40:00
[2026-05-30 02:41:22] [INFO ] [scheduler] 域名健康: 9 个已检测
[2026-05-30 02:41:22] [INFO ] [scheduler] 域名健康: 9 个已检测
[2026-05-30 02:45:00] [INFO ] [scheduler] 域名轮值检测 02:45:00
[2026-05-30 02:45:00] [INFO ] [scheduler] 域名轮值检测 02:45:00
[2026-05-30 02:46:22] [INFO ] [scheduler] 域名健康: 9 个已检测
[2026-05-30 02:46:22] [INFO ] [scheduler] 域名健康: 9 个已检测
[2026-05-30 02:50:00] [INFO ] [scheduler] 域名轮值检测 02:50:00
[2026-05-30 02:50:00] [INFO ] [scheduler] 域名轮值检测 02:50:00
[2026-05-30 02:50:17] [INFO ] [scheduler] 域名健康: 9 个已检测
[2026-05-30 02:50:17] [INFO ] [scheduler] 域名健康: 9 个已检测
[2026-05-30 02:55:00] [INFO ] [scheduler] 域名轮值检测 02:55:00
[2026-05-30 02:55:00] [INFO ] [scheduler] 域名轮值检测 02:55:00
[2026-05-30 02:55:02] [INFO ] [scheduler] 域名健康: 9 个已检测
[2026-05-30 02:55:02] [INFO ] [scheduler] 域名健康: 9 个已检测
[2026-05-30 02:59:30] [INFO ] [scheduler] 服务器巡检 02:59:30
[2026-05-30 02:59:30] [INFO ] [scheduler] 服务器巡检 02:59:30
[2026-05-30 03:00:00] [INFO ] [scheduler] 商城扫描 03:00:00
[2026-05-30 03:00:00] [INFO ] [scheduler] 商城扫描异常: cannot import name 'run_scan' from 'routers.mall_scanner' (/app/routers/mall_scanner.py)
[2026-05-30 03:00:00] [INFO ] [scheduler] 域名轮值检测 03:00:00
[2026-05-30 03:00:00] [INFO ] [scheduler] 商城扫描 03:00:00
[2026-05-30 03:00:00] [INFO ] [scheduler] 商城扫描异常: cannot import name 'run_scan' from 'routers.mall_scanner' (/app/routers/mall_scanner.py)
[2026-05-30 03:00:00] [INFO ] [scheduler] 域名轮值检测 03:00:00
[2026-05-30 03:00:02] [INFO ] [scheduler] 域名健康: 9 个已检测
[2026-05-30 03:00:02] [INFO ] [scheduler] 域名健康: 9 个已检测
[2026-05-30 03:05:00] [INFO ] [scheduler] 域名轮值检测 03:05:00
[2026-05-30 03:05:00] [INFO ] [scheduler] 域名轮值检测 03:05:00
[2026-05-30 03:05:02] [INFO ] [scheduler] 域名健康: 9 个已检测
[2026-05-30 03:05:02] [INFO ] [scheduler] 域名健康: 9 个已检测
[2026-05-30 03:10:00] [INFO ] [scheduler] 域名轮值检测 03:10:00
[2026-05-30 03:10:00] [INFO ] [scheduler] 域名轮值检测 03:10:00
[2026-05-30 03:10:01] [INFO ] [scheduler] 域名健康: 9 个已检测
[2026-05-30 03:10:01] [INFO ] [scheduler] 域名健康: 9 个已检测
[2026-05-30 03:15:00] [INFO ] [scheduler] 域名轮值检测 03:15:00
[2026-05-30 03:15:00] [INFO ] [scheduler] 域名轮值检测 03:15:00
[2026-05-30 03:15:01] [INFO ] [scheduler] 域名健康: 9 个已检测
[2026-05-30 03:15:01] [INFO ] [scheduler] 域名健康: 9 个已检测
[2026-05-30 03:20:00] [INFO ] [scheduler] 域名轮值检测 03:20:00
[2026-05-30 03:20:00] [INFO ] [scheduler] 域名轮值检测 03:20:00
[2026-05-30 03:20:03] [INFO ] [scheduler] 域名健康: 9 个已检测
[2026-05-30 03:20:03] [INFO ] [scheduler] 域名健康: 9 个已检测
[2026-05-30 03:25:00] [INFO ] [scheduler] 域名轮值检测 03:25:00
[2026-05-30 03:25:00] [INFO ] [scheduler] 域名轮值检测 03:25:00
[2026-05-30 03:25:02] [INFO ] [scheduler] 域名健康: 9 个已检测
[2026-05-30 03:25:02] [INFO ] [scheduler] 域名健康: 9 个已检测
[2026-05-30 03:29:30] [INFO ] [scheduler] 服务器巡检 03:29:30
[2026-05-30 03:29:30] [INFO ] [scheduler] 服务器巡检 03:29:30
[2026-05-30 03:30:00] [INFO ] [scheduler] 域名轮值检测 03:30:00
[2026-05-30 03:30:00] [INFO ] [scheduler] 域名轮值检测 03:30:00
[2026-05-30 03:30:00] [INFO ] [scheduler] SSL证书检查 {datetime.now().strftime('%H:%M:%S')}
[2026-05-30 03:30:00] [INFO ] [scheduler] SSL证书检查 {datetime.now().strftime('%H:%M:%S')}
[2026-05-30 03:30:00] [INFO ] [scheduler] SSL到期({info.get('days_left', 0)}天), 自动续签: {d['domain']}
[2026-05-30 03:30:00] [INFO ] [scheduler] SSL到期({info.get('days_left', 0)}天), 自动续签: {d['domain']}
[2026-05-30 03:30:00] [INFO ] [scheduler] SSL续签失败: {d['domain']} - {result.get('error', '')}
[2026-05-30 03:30:00] [INFO ] [scheduler] SSL续签失败: {d['domain']} - {result.get('error', '')}
[2026-05-30 03:30:00] [INFO ] [scheduler] SSL到期({info.get('days_left', 0)}天), 自动续签: {d['domain']}
[2026-05-30 03:30:00] [INFO ] [scheduler] SSL到期({info.get('days_left', 0)}天), 自动续签: {d['domain']}
[2026-05-30 03:30:00] [INFO ] [scheduler] SSL续签失败: {d['domain']} - {result.get('error', '')}
[2026-05-30 03:30:00] [INFO ] [scheduler] SSL到期({info.get('days_left', 0)}天), 自动续签: {d['domain']}
[2026-05-30 03:30:00] [INFO ] [scheduler] SSL续签失败: {d['domain']} - {result.get('error', '')}
[2026-05-30 03:30:00] [INFO ] [scheduler] SSL续签失败: {d['domain']} - {result.get('error', '')}
[2026-05-30 03:30:00] [INFO ] [scheduler] SSL到期({info.get('days_left', 0)}天), 自动续签: {d['domain']}
[2026-05-30 03:30:00] [INFO ] [scheduler] SSL到期({info.get('days_left', 0)}天), 自动续签: {d['domain']}
[2026-05-30 03:30:00] [INFO ] [scheduler] SSL续签失败: {d['domain']} - {result.get('error', '')}
[2026-05-30 03:30:00] [INFO ] [scheduler] SSL续签失败: {d['domain']} - {result.get('error', '')}
[2026-05-30 03:30:00] [INFO ] [scheduler] SSL到期({info.get('days_left', 0)}天), 自动续签: {d['domain']}
[2026-05-30 03:30:00] [INFO ] [scheduler] SSL到期({info.get('days_left', 0)}天), 自动续签: {d['domain']}
[2026-05-30 03:30:00] [INFO ] [scheduler] SSL续签失败: {d['domain']} - {result.get('error', '')}
[2026-05-30 03:30:00] [INFO ] [scheduler] SSL到期({info.get('days_left', 0)}天), 自动续签: {d['domain']}
[2026-05-30 03:30:00] [INFO ] [scheduler] SSL续签失败: {d['domain']} - {result.get('error', '')}
[2026-05-30 03:30:00] [INFO ] [scheduler] SSL到期({info.get('days_left', 0)}天), 自动续签: {d['domain']}
[2026-05-30 03:30:00] [INFO ] [scheduler] SSL续签失败: {d['domain']} - {result.get('error', '')}
[2026-05-30 03:30:00] [INFO ] [scheduler] SSL续签失败: {d['domain']} - {result.get('error', '')}
[2026-05-30 03:30:00] [INFO ] [scheduler] SSL到期({info.get('days_left', 0)}天), 自动续签: {d['domain']}
[2026-05-30 03:30:00] [INFO ] [scheduler] SSL到期({info.get('days_left', 0)}天), 自动续签: {d['domain']}
[2026-05-30 03:30:00] [INFO ] [scheduler] SSL续签失败: {d['domain']} - {result.get('error', '')}
[2026-05-30 03:30:00] [INFO ] [scheduler] SSL续签失败: {d['domain']} - {result.get('error', '')}
[2026-05-30 03:30:00] [INFO ] [scheduler] SSL到期({info.get('days_left', 0)}天), 自动续签: {d['domain']}
[2026-05-30 03:30:00] [INFO ] [scheduler] SSL续签失败: {d['domain']} - {result.get('error', '')}
[2026-05-30 03:30:00] [INFO ] [scheduler] SSL到期({info.get('days_left', 0)}天), 自动续签: {d['domain']}
[2026-05-30 03:30:00] [INFO ] [scheduler] SSL续签失败: {d['domain']} - {result.get('error', '')}
[2026-05-30 03:30:00] [INFO ] [scheduler] SSL到期({info.get('days_left', 0)}天), 自动续签: {d['domain']}
[2026-05-30 03:30:00] [INFO ] [scheduler] SSL续签失败: {d['domain']} - {result.get('error', '')}
[2026-05-30 03:30:00] [INFO ] [scheduler] SSL到期({info.get('days_left', 0)}天), 自动续签: {d['domain']}
[2026-05-30 03:30:00] [INFO ] [scheduler] SSL续签失败: {d['domain']} - {result.get('error', '')}
[2026-05-30 03:30:00] [INFO ] [scheduler] SSL到期({info.get('days_left', 0)}天), 自动续签: {d['domain']}
[2026-05-30 03:30:00] [INFO ] [scheduler] SSL续签失败: {d['domain']} - {result.get('error', '')}
[2026-05-30 03:30:05] [INFO ] [scheduler] 域名健康: 9 个已检测
[2026-05-30 03:30:05] [INFO ] [scheduler] 域名健康: 9 个已检测
[2026-05-30 03:35:00] [INFO ] [scheduler] 域名轮值检测 03:35:00
[2026-05-30 03:35:00] [INFO ] [scheduler] 域名轮值检测 03:35:00
[2026-05-30 03:35:01] [INFO ] [scheduler] 域名健康: 9 个已检测
[2026-05-30 03:35:01] [INFO ] [scheduler] 域名健康: 9 个已检测
[2026-05-30 03:40:00] [INFO ] [scheduler] 域名轮值检测 03:40:00
[2026-05-30 03:40:00] [INFO ] [scheduler] 域名轮值检测 03:40:00
[2026-05-30 03:40:03] [INFO ] [scheduler] 域名健康: 9 个已检测
[2026-05-30 03:40:03] [INFO ] [scheduler] 域名健康: 9 个已检测
[2026-05-30 03:45:00] [INFO ] [scheduler] 域名轮值检测 03:45:00
[2026-05-30 03:45:00] [INFO ] [scheduler] 域名轮值检测 03:45:00
[2026-05-30 03:45:01] [INFO ] [scheduler] 域名健康: 9 个已检测
[2026-05-30 03:45:01] [INFO ] [scheduler] 域名健康: 9 个已检测
[2026-05-30 03:50:00] [INFO ] [scheduler] 域名轮值检测 03:50:00
[2026-05-30 03:50:00] [INFO ] [scheduler] 域名轮值检测 03:50:00
[2026-05-30 03:50:02] [INFO ] [scheduler] 域名健康: 9 个已检测
[2026-05-30 03:50:02] [INFO ] [scheduler] 域名健康: 9 个已检测
[2026-05-30 03:55:00] [INFO ] [scheduler] 域名轮值检测 03:55:00
[2026-05-30 03:55:00] [INFO ] [scheduler] 域名轮值检测 03:55:00
[2026-05-30 03:55:02] [INFO ] [scheduler] 域名健康: 9 个已检测
[2026-05-30 03:55:02] [INFO ] [scheduler] 域名健康: 9 个已检测
[2026-05-30 03:59:30] [INFO ] [scheduler] 服务器巡检 03:59:30
[2026-05-30 03:59:30] [INFO ] [scheduler] 服务器巡检 03:59:30
[2026-05-30 04:00:00] [INFO ] [scheduler] 域名轮值检测 04:00:00
[2026-05-30 04:00:00] [INFO ] [scheduler] 域名轮值检测 04:00:00
[2026-05-30 04:00:02] [INFO ] [scheduler] 域名健康: 9 个已检测
[2026-05-30 04:00:02] [INFO ] [scheduler] 域名健康: 9 个已检测
[2026-05-30 04:05:00] [INFO ] [scheduler] 域名轮值检测 04:05:00
[2026-05-30 04:05:00] [INFO ] [scheduler] 域名轮值检测 04:05:00
[2026-05-30 04:05:01] [INFO ] [scheduler] 域名健康: 9 个已检测
[2026-05-30 04:05:01] [INFO ] [scheduler] 域名健康: 9 个已检测
[2026-05-30 04:10:00] [INFO ] [scheduler] 域名轮值检测 04:10:00
[2026-05-30 04:10:00] [INFO ] [scheduler] 域名轮值检测 04:10:00
[2026-05-30 04:10:02] [INFO ] [scheduler] 域名健康: 9 个已检测
[2026-05-30 04:10:02] [INFO ] [scheduler] 域名健康: 9 个已检测
[2026-05-30 04:15:00] [INFO ] [scheduler] 域名轮值检测 04:15:00
[2026-05-30 04:15:00] [INFO ] [scheduler] 域名轮值检测 04:15:00
[2026-05-30 04:15:01] [INFO ] [scheduler] 域名健康: 9 个已检测
[2026-05-30 04:15:01] [INFO ] [scheduler] 域名健康: 9 个已检测
[2026-05-30 04:19:46] [INFO ] [scheduler] 定时任务已停止
[2026-05-30 04:19:47] [INFO ] [scheduler] 定时任务已停止
[2026-05-30 08:26:07] [INFO ] [scheduler] 定时任务启动完成: 巡检/备份/轮值/SSL续签/商城扫描/客服/日记/早报/指标
[2026-05-30 08:26:07] [INFO ] [scheduler] 定时任务启动完成: 巡检/备份/轮值/SSL续签/商城扫描/客服/日记/早报/指标
[2026-05-30 08:30:00] [INFO ] [scheduler] 域名轮值检测 08:30:00
[2026-05-30 08:30:00] [INFO ] [scheduler] 域名轮值检测 08:30:00
[2026-05-30 08:30:03] [INFO ] [scheduler] 域名健康: 9 个已检测
[2026-05-30 08:30:03] [INFO ] [scheduler] 域名健康: 9 个已检测
[2026-05-30 08:33:19] [INFO ] [scheduler] 定时任务已停止
[2026-05-30 08:33:20] [INFO ] [scheduler] 定时任务已停止
[2026-05-30 08:33:25] [INFO ] [scheduler] 定时任务启动完成: 巡检/备份/轮值/SSL续签/商城扫描/客服/日记/早报/指标
[2026-05-30 08:33:25] [INFO ] [scheduler] 定时任务启动完成: 巡检/备份/轮值/SSL续签/商城扫描/客服/日记/早报/指标
[2026-05-30 08:35:00] [INFO ] [scheduler] 域名轮值检测 08:35:00
[2026-05-30 08:35:00] [INFO ] [scheduler] 域名轮值检测 08:35:00
[2026-05-30 08:35:01] [INFO ] [scheduler] 域名健康: 9 个已检测
[2026-05-30 08:35:01] [INFO ] [scheduler] 域名健康: 9 个已检测
[2026-05-30 08:39:05] [INFO ] [scheduler] 定时任务已停止
[2026-05-30 08:39:06] [INFO ] [scheduler] 定时任务已停止
[2026-05-30 08:39:11] [INFO ] [scheduler] 定时任务启动完成: 巡检/备份/轮值/SSL续签/商城扫描/客服/日记/早报/指标
[2026-05-30 08:39:11] [INFO ] [scheduler] 定时任务启动完成: 巡检/备份/轮值/SSL续签/商城扫描/客服/日记/早报/指标
[2026-05-30 08:40:00] [INFO ] [scheduler] 域名轮值检测 08:40:00
[2026-05-30 08:40:00] [INFO ] [scheduler] 域名轮值检测 08:40:00
[2026-05-30 08:40:02] [INFO ] [scheduler] 域名健康: 9 个已检测
[2026-05-30 08:40:02] [INFO ] [scheduler] 域名健康: 9 个已检测
[2026-05-30 08:43:52] [INFO ] [scheduler] 定时任务已停止
[2026-05-30 08:43:53] [INFO ] [scheduler] 定时任务已停止
[2026-05-30 08:43:58] [INFO ] [scheduler] 定时任务启动完成: 巡检/备份/轮值/SSL续签/商城扫描/客服/日记/早报/指标
[2026-05-30 08:43:58] [INFO ] [scheduler] 定时任务启动完成: 巡检/备份/轮值/SSL续签/商城扫描/客服/日记/早报/指标
[2026-05-30 08:45:00] [INFO ] [scheduler] 域名轮值检测 08:45:00
[2026-05-30 08:45:00] [INFO ] [scheduler] 域名轮值检测 08:45:00
[2026-05-30 08:45:02] [INFO ] [scheduler] 域名健康: 9 个已检测
[2026-05-30 08:45:02] [INFO ] [scheduler] 域名健康: 9 个已检测
[2026-05-30 08:50:00] [INFO ] [scheduler] 域名轮值检测 08:50:00
[2026-05-30 08:50:00] [INFO ] [scheduler] 域名轮值检测 08:50:00
[2026-05-30 08:50:01] [INFO ] [scheduler] 域名健康: 9 个已检测
[2026-05-30 08:50:01] [INFO ] [scheduler] 域名健康: 9 个已检测
[2026-05-30 08:55:00] [INFO ] [scheduler] 域名轮值检测 08:55:00
[2026-05-30 08:55:00] [INFO ] [scheduler] 域名轮值检测 08:55:00
[2026-05-30 08:55:02] [INFO ] [scheduler] 域名健康: 9 个已检测
[2026-05-30 08:55:02] [INFO ] [scheduler] 域名健康: 9 个已检测
[2026-05-30 09:00:00] [INFO ] [scheduler] 域名轮值检测 09:00:00
[2026-05-30 09:00:00] [INFO ] [scheduler] 域名轮值检测 09:00:00
[2026-05-30 09:00:02] [INFO ] [scheduler] 域名健康: 9 个已检测
[2026-05-30 09:00:02] [INFO ] [scheduler] 域名健康: 9 个已检测
[2026-05-30 09:05:00] [INFO ] [scheduler] 域名轮值检测 09:05:00
[2026-05-30 09:05:00] [INFO ] [scheduler] 域名轮值检测 09:05:00
[2026-05-30 09:05:02] [INFO ] [scheduler] 域名健康: 9 个已检测
[2026-05-30 09:05:02] [INFO ] [scheduler] 域名健康: 9 个已检测
[2026-05-30 09:10:00] [INFO ] [scheduler] 域名轮值检测 09:10:00
[2026-05-30 09:10:00] [INFO ] [scheduler] 域名轮值检测 09:10:00
[2026-05-30 09:10:02] [INFO ] [scheduler] 域名健康: 9 个已检测
[2026-05-30 09:10:02] [INFO ] [scheduler] 域名健康: 9 个已检测
[2026-05-30 09:13:35] [INFO ] [scheduler] 定时任务已停止
[2026-05-30 09:13:35] [INFO ] [scheduler] 定时任务已停止
[2026-05-30 09:27:20] [INFO ] [scheduler] 定时任务启动完成: 巡检/备份/轮值/SSL续签/商城扫描/客服/日记/早报/指标
[2026-05-30 09:27:20] [INFO ] [scheduler] 定时任务启动完成: 巡检/备份/轮值/SSL续签/商城扫描/客服/日记/早报/指标
[2026-05-30 09:30:00] [INFO ] [scheduler] 域名轮值检测 09:30:00
[2026-05-30 09:30:00] [INFO ] [scheduler] 域名轮值检测 09:30:00
[2026-05-30 09:30:02] [INFO ] [scheduler] 域名健康: 9 个已检测
[2026-05-30 09:30:02] [INFO ] [scheduler] 域名健康: 9 个已检测
[2026-05-30 09:35:00] [INFO ] [scheduler] 域名轮值检测 09:35:00
[2026-05-30 09:35:00] [INFO ] [scheduler] 域名轮值检测 09:35:00
[2026-05-30 09:35:01] [INFO ] [scheduler] 域名健康: 9 个已检测
[2026-05-30 09:35:01] [INFO ] [scheduler] 域名健康: 9 个已检测
[2026-05-30 10:11:59] [INFO ] [scheduler] 定时任务启动完成: 巡检/备份/轮值/SSL续签/商城扫描/客服/日记/早报/指标
[2026-05-30 10:11:59] [INFO ] [scheduler] 定时任务启动完成: 巡检/备份/轮值/SSL续签/商城扫描/客服/日记/早报/指标
[2026-05-30 10:15:00] [INFO ] [scheduler] 域名轮值检测 10:15:00
[2026-05-30 10:15:00] [INFO ] [scheduler] 域名轮值检测 10:15:00
[2026-05-30 10:15:01] [INFO ] [scheduler] 域名健康: 9 个已检测
[2026-05-30 10:15:01] [INFO ] [scheduler] 域名健康: 9 个已检测
[2026-05-30 10:20:00] [INFO ] [scheduler] 域名轮值检测 10:20:00
[2026-05-30 10:20:00] [INFO ] [scheduler] 域名轮值检测 10:20:00
[2026-05-30 10:20:01] [INFO ] [scheduler] 域名健康: 9 个已检测
[2026-05-30 10:20:01] [INFO ] [scheduler] 域名健康: 9 个已检测
[2026-05-30 10:25:00] [INFO ] [scheduler] 域名轮值检测 10:25:00
[2026-05-30 10:25:00] [INFO ] [scheduler] 域名轮值检测 10:25:00
[2026-05-30 10:25:02] [INFO ] [scheduler] 域名健康: 9 个已检测
[2026-05-30 10:25:02] [INFO ] [scheduler] 域名健康: 9 个已检测
[2026-05-30 10:30:00] [INFO ] [scheduler] 域名轮值检测 10:30:00
[2026-05-30 10:30:00] [INFO ] [scheduler] 域名轮值检测 10:30:00
[2026-05-30 10:30:02] [INFO ] [scheduler] 域名健康: 9 个已检测
[2026-05-30 10:30:02] [INFO ] [scheduler] 域名健康: 9 个已检测
[2026-05-30 10:35:00] [INFO ] [scheduler] 域名轮值检测 10:35:00
[2026-05-30 10:35:00] [INFO ] [scheduler] 域名轮值检测 10:35:00
[2026-05-30 10:35:01] [INFO ] [scheduler] 域名健康: 9 个已检测
[2026-05-30 10:35:02] [INFO ] [scheduler] 域名健康: 9 个已检测
[2026-05-30 10:40:00] [INFO ] [scheduler] 域名轮值检测 10:40:00
[2026-05-30 10:40:00] [INFO ] [scheduler] 域名轮值检测 10:40:00
[2026-05-30 10:40:02] [INFO ] [scheduler] 域名健康: 9 个已检测
[2026-05-30 10:40:02] [INFO ] [scheduler] 域名健康: 9 个已检测
[2026-05-30 10:41:59] [INFO ] [scheduler] 服务器巡检 10:41:59
[2026-05-30 10:41:59] [INFO ] [scheduler] 服务器巡检 10:41:59
[2026-05-30 10:45:00] [INFO ] [scheduler] 域名轮值检测 10:45:00
[2026-05-30 10:45:00] [INFO ] [scheduler] 域名轮值检测 10:45:00
[2026-05-30 10:45:01] [INFO ] [scheduler] 域名健康: 9 个已检测
[2026-05-30 10:45:01] [INFO ] [scheduler] 域名健康: 9 个已检测
[2026-05-30 10:50:00] [INFO ] [scheduler] 域名轮值检测 10:50:00
[2026-05-30 10:50:00] [INFO ] [scheduler] 域名轮值检测 10:50:00
[2026-05-30 10:50:02] [INFO ] [scheduler] 域名健康: 9 个已检测
[2026-05-30 10:50:02] [INFO ] [scheduler] 域名健康: 9 个已检测
[2026-05-30 10:55:00] [INFO ] [scheduler] 域名轮值检测 10:55:00
[2026-05-30 10:55:00] [INFO ] [scheduler] 域名轮值检测 10:55:00
[2026-05-30 10:55:01] [INFO ] [scheduler] 域名健康: 9 个已检测
[2026-05-30 10:55:01] [INFO ] [scheduler] 域名健康: 9 个已检测
[2026-05-30 11:00:00] [INFO ] [scheduler] 域名轮值检测 11:00:00
[2026-05-30 11:00:00] [INFO ] [scheduler] 域名轮值检测 11:00:00
[2026-05-30 11:00:02] [INFO ] [scheduler] 域名健康: 9 个已检测
[2026-05-30 11:00:02] [INFO ] [scheduler] 域名健康: 9 个已检测
[2026-05-30 11:05:00] [INFO ] [scheduler] 域名轮值检测 11:05:00
[2026-05-30 11:05:00] [INFO ] [scheduler] 域名轮值检测 11:05:00
[2026-05-30 11:05:02] [INFO ] [scheduler] 域名健康: 9 个已检测
[2026-05-30 11:05:02] [INFO ] [scheduler] 域名健康: 9 个已检测
[2026-05-30 11:10:00] [INFO ] [scheduler] 域名轮值检测 11:10:00
[2026-05-30 11:10:00] [INFO ] [scheduler] 域名轮值检测 11:10:00
[2026-05-30 11:10:02] [INFO ] [scheduler] 域名健康: 9 个已检测
[2026-05-30 11:10:02] [INFO ] [scheduler] 域名健康: 9 个已检测
[2026-05-30 11:11:59] [INFO ] [scheduler] 服务器巡检 11:11:59
[2026-05-30 11:11:59] [INFO ] [scheduler] 服务器巡检 11:11:59
[2026-05-30 13:00:08] [INFO ] [scheduler] 定时任务启动完成: 巡检/备份/轮值/SSL续签/商城扫描/客服/日记/早报/指标
[2026-05-30 13:00:08] [INFO ] [scheduler] 定时任务启动完成: 巡检/备份/轮值/SSL续签/商城扫描/客服/日记/早报/指标
